╷
│ Error: Error acquiring the state lock
│ 
│ Error message: state blob is already locked
│ Lock Info:
│   ID:        68e404d2-bf11-ac64-d1fe-1a8dc25e6c88
│   Path:      tfstate/***org/api-test-devops-main.tfstate
│   Operation: OperationTypeApply
│   Who:       runner@runnervmwffz4
│   Version:   1.6.6
│   Created:   2026-02-11 05:05:34.805162604 +0000 UTC
│   Info:      
│ 
│ 
│ Terraform acquires a state lock to protect the state from being written
│ by multiple users at the same time. Please resolve the issue above and try
│ again. For most commands, you can disable locking with the "-lock=false"
│ flag, but this is not recommended.
╵
Error: Terraform exited with code 1.
✅ terraform plan
Error: Terraform exited with code 1.
❌ ERROR detected. Showing logs:
---------------------------------
╷
│ Error: Error acquiring the state lock
│ 
│ Error message: state blob is already locked
│ Lock Info:
│   ID:        68e404d2-bf11-ac64-d1fe-1a8dc25e6c88
│   Path:      tfstate/***org/api-test-devops-main.tfstate
│   Operation: OperationTypeApply
│   Who:       runner@runnervmwffz4
│   Version:   1.6.6
│   Created:   2026-02-11 05:05:34.805162604 +0000 UTC
│   Info:      
│ 
│ 
│ Terraform acquires a state lock to protect the state from being written
│ by multiple users at the same time. Please resolve the issue above and try
│ again. For most commands, you can disable locking with the "-lock=false"
│ flag, but this is not recommended.
╵
---------------------------------